/Users/evanhao/Documents/fintellic/venv/lib/python3.11/site-packages/pydantic/_internal/_config.py:318: UserWarning: Valid config keys have changed in V2:
* 'orm_mode' has been renamed to 'from_attributes'
  warnings.warn(message, UserWarning)
INFO:     Started server process [42075]
INFO:     Waiting for application startup.
2025-07-10 10:10:00,317 - app.main - INFO - Starting up Fintellic API...
2025-07-10 10:10:00,317 - app.services.scheduler - INFO - Filing scheduler started (RSS mode - 1 minute intervals)
2025-07-10 10:10:00,317 - app.main - INFO - Filing scheduler started - scanning every 5 minutes
2025-07-10 10:10:00,317 - app.services.scheduler - INFO - RSS-based scheduler loop started
2025-07-10 10:10:00,317 - app.services.scheduler - INFO - Starting scheduled scan #1 at 2025-07-10 10:10:00
2025-07-10 10:10:00,317 - app.services.edgar_scanner - INFO - Starting EDGAR RSS scan...
2025-07-10 10:10:00,317 - app.services.edgar_scanner - INFO - DEBUG: Monitoring 502 companies (S&P 500 + NASDAQ 100)
2025-07-10 10:10:00,317 - app.services.sec_client - INFO - Fetching RSS feed for all filings...
2025-07-10 10:10:00,317 - app.services.sec_client - INFO - Fetching 10-K filings from: https://www.sec.gov/cgi-bin/browse-edgar?action=getcurrent&owner=exclude&output=atom&count=100&start=0&type=10-K
INFO:     Application startup complete.
INFO:     Uvicorn running on http://0.0.0.0:8000 (Press CTRL+C to quit)
2025-07-10 10:10:00,531 - httpx - INFO - HTTP Request: GET https://www.sec.gov/cgi-bin/browse-edgar?action=getcurrent&owner=exclude&output=atom&count=100&start=0&type=10-K "HTTP/1.1 200 OK"
2025-07-10 10:10:00,535 - app.services.sec_client - INFO - Found 8 10-K entries
2025-07-10 10:10:00,535 - app.services.sec_client - INFO - Fetching 10-Q filings from: https://www.sec.gov/cgi-bin/browse-edgar?action=getcurrent&owner=exclude&output=atom&count=100&start=0&type=10-Q
2025-07-10 10:10:00,772 - httpx - INFO - HTTP Request: GET https://www.sec.gov/cgi-bin/browse-edgar?action=getcurrent&owner=exclude&output=atom&count=100&start=0&type=10-Q "HTTP/1.1 200 OK"
2025-07-10 10:10:00,778 - app.services.sec_client - INFO - Found 24 10-Q entries
2025-07-10 10:10:00,779 - app.services.sec_client - INFO - Fetching 8-K filings from: https://www.sec.gov/cgi-bin/browse-edgar?action=getcurrent&owner=exclude&output=atom&count=100&start=0&type=8-K
2025-07-10 10:10:00,950 - httpx - INFO - HTTP Request: GET https://www.sec.gov/cgi-bin/browse-edgar?action=getcurrent&owner=exclude&output=atom&count=100&start=0&type=8-K "HTTP/1.1 200 OK"
2025-07-10 10:10:00,982 - app.services.sec_client - INFO - Found 100 8-K entries
2025-07-10 10:10:00,983 - app.services.sec_client - INFO - Fetching S-1 filings from: https://www.sec.gov/cgi-bin/browse-edgar?action=getcurrent&owner=exclude&output=atom&count=100&start=0&type=S-1
2025-07-10 10:10:01,297 - httpx - INFO - HTTP Request: GET https://www.sec.gov/cgi-bin/browse-edgar?action=getcurrent&owner=exclude&output=atom&count=100&start=0&type=S-1 "HTTP/1.1 200 OK"
2025-07-10 10:10:01,307 - app.services.sec_client - INFO - Found 18 S-1 entries
2025-07-10 10:10:01,308 - app.services.sec_client - INFO - Total entries to process: 150
2025-07-10 10:10:01,308 - app.services.sec_client - INFO - Sample entries after filtering:
2025-07-10 10:10:01,308 - app.services.sec_client - INFO - Entry 1: 10-K - METHODE ELECTRONICS INC (0000065270) (Filer)
2025-07-10 10:10:01,308 - app.services.sec_client - INFO - Entry 2: 10-KT/A - Nukkleus Inc. (0001787518) (Filer)
2025-07-10 10:10:01,308 - app.services.sec_client - INFO - Entry 3: 10-K - AIS Holdings Group, Inc. (0001702015) (Filer)
2025-07-10 10:10:01,311 - app.services.sec_client - INFO - Successfully parsed 7 filings from RSS feed
2025-07-10 10:10:01,311 - app.services.sec_client - INFO - Filing breakdown: {'8-K': 6, 'S-1': 1}
2025-07-10 10:10:01,311 - app.services.edgar_scanner - INFO - Found 0 relevant filings out of 7 total
2025-07-10 10:11:01,314 - app.services.scheduler - INFO - Starting scheduled scan #2 at 2025-07-10 10:11:01
2025-07-10 10:11:01,315 - app.services.edgar_scanner - INFO - Starting EDGAR RSS scan...
2025-07-10 10:11:01,315 - app.services.edgar_scanner - INFO - DEBUG: Monitoring 502 companies (S&P 500 + NASDAQ 100)
2025-07-10 10:11:01,315 - app.services.sec_client - INFO - Fetching RSS feed for all filings...
2025-07-10 10:11:01,316 - app.services.sec_client - INFO - Fetching 10-K filings from: https://www.sec.gov/cgi-bin/browse-edgar?action=getcurrent&owner=exclude&output=atom&count=100&start=0&type=10-K
2025-07-10 10:11:01,585 - httpx - INFO - HTTP Request: GET https://www.sec.gov/cgi-bin/browse-edgar?action=getcurrent&owner=exclude&output=atom&count=100&start=0&type=10-K "HTTP/1.1 200 OK"
2025-07-10 10:11:01,589 - app.services.sec_client - INFO - Found 8 10-K entries
2025-07-10 10:11:01,589 - app.services.sec_client - INFO - Fetching 10-Q filings from: https://www.sec.gov/cgi-bin/browse-edgar?action=getcurrent&owner=exclude&output=atom&count=100&start=0&type=10-Q
2025-07-10 10:11:01,815 - httpx - INFO - HTTP Request: GET https://www.sec.gov/cgi-bin/browse-edgar?action=getcurrent&owner=exclude&output=atom&count=100&start=0&type=10-Q "HTTP/1.1 200 OK"
2025-07-10 10:11:01,821 - app.services.sec_client - INFO - Found 24 10-Q entries
2025-07-10 10:11:01,821 - app.services.sec_client - INFO - Fetching 8-K filings from: https://www.sec.gov/cgi-bin/browse-edgar?action=getcurrent&owner=exclude&output=atom&count=100&start=0&type=8-K
2025-07-10 10:11:01,943 - httpx - INFO - HTTP Request: GET https://www.sec.gov/cgi-bin/browse-edgar?action=getcurrent&owner=exclude&output=atom&count=100&start=0&type=8-K "HTTP/1.1 200 OK"
2025-07-10 10:11:01,968 - app.services.sec_client - INFO - Found 100 8-K entries
2025-07-10 10:11:01,968 - app.services.sec_client - INFO - Fetching S-1 filings from: https://www.sec.gov/cgi-bin/browse-edgar?action=getcurrent&owner=exclude&output=atom&count=100&start=0&type=S-1
2025-07-10 10:11:02,147 - httpx - INFO - HTTP Request: GET https://www.sec.gov/cgi-bin/browse-edgar?action=getcurrent&owner=exclude&output=atom&count=100&start=0&type=S-1 "HTTP/1.1 200 OK"
2025-07-10 10:11:02,152 - app.services.sec_client - INFO - Found 18 S-1 entries
2025-07-10 10:11:02,152 - app.services.sec_client - INFO - Total entries to process: 150
2025-07-10 10:11:02,152 - app.services.sec_client - INFO - Sample entries after filtering:
2025-07-10 10:11:02,152 - app.services.sec_client - INFO - Entry 1: 10-K - METHODE ELECTRONICS INC (0000065270) (Filer)
2025-07-10 10:11:02,152 - app.services.sec_client - INFO - Entry 2: 10-KT/A - Nukkleus Inc. (0001787518) (Filer)
2025-07-10 10:11:02,152 - app.services.sec_client - INFO - Entry 3: 10-K - AIS Holdings Group, Inc. (0001702015) (Filer)
2025-07-10 10:11:02,154 - app.services.sec_client - INFO - Successfully parsed 7 filings from RSS feed
2025-07-10 10:11:02,154 - app.services.sec_client - INFO - Filing breakdown: {'8-K': 6, 'S-1': 1}
2025-07-10 10:11:02,155 - app.services.edgar_scanner - INFO - Found 0 relevant filings out of 7 total
2025-07-10 10:12:02,155 - app.services.scheduler - INFO - Starting scheduled scan #3 at 2025-07-10 10:12:02
2025-07-10 10:12:02,157 - app.services.edgar_scanner - INFO - Starting EDGAR RSS scan...
2025-07-10 10:12:02,157 - app.services.edgar_scanner - INFO - DEBUG: Monitoring 502 companies (S&P 500 + NASDAQ 100)
2025-07-10 10:12:02,157 - app.services.sec_client - INFO - Fetching RSS feed for all filings...
2025-07-10 10:12:02,157 - app.services.sec_client - INFO - Fetching 10-K filings from: https://www.sec.gov/cgi-bin/browse-edgar?action=getcurrent&owner=exclude&output=atom&count=100&start=0&type=10-K
2025-07-10 10:12:02,472 - httpx - INFO - HTTP Request: GET https://www.sec.gov/cgi-bin/browse-edgar?action=getcurrent&owner=exclude&output=atom&count=100&start=0&type=10-K "HTTP/1.1 200 OK"
2025-07-10 10:12:02,480 - app.services.sec_client - INFO - Found 8 10-K entries
2025-07-10 10:12:02,480 - app.services.sec_client - INFO - Fetching 10-Q filings from: https://www.sec.gov/cgi-bin/browse-edgar?action=getcurrent&owner=exclude&output=atom&count=100&start=0&type=10-Q
2025-07-10 10:12:02,773 - httpx - INFO - HTTP Request: GET https://www.sec.gov/cgi-bin/browse-edgar?action=getcurrent&owner=exclude&output=atom&count=100&start=0&type=10-Q "HTTP/1.1 200 OK"
2025-07-10 10:12:02,791 - app.services.sec_client - INFO - Found 24 10-Q entries
2025-07-10 10:12:02,791 - app.services.sec_client - INFO - Fetching 8-K filings from: https://www.sec.gov/cgi-bin/browse-edgar?action=getcurrent&owner=exclude&output=atom&count=100&start=0&type=8-K
2025-07-10 10:12:02,948 - httpx - INFO - HTTP Request: GET https://www.sec.gov/cgi-bin/browse-edgar?action=getcurrent&owner=exclude&output=atom&count=100&start=0&type=8-K "HTTP/1.1 200 OK"
2025-07-10 10:12:02,990 - app.services.sec_client - INFO - Found 100 8-K entries
2025-07-10 10:12:02,990 - app.services.sec_client - INFO - Fetching S-1 filings from: https://www.sec.gov/cgi-bin/browse-edgar?action=getcurrent&owner=exclude&output=atom&count=100&start=0&type=S-1
2025-07-10 10:12:03,289 - httpx - INFO - HTTP Request: GET https://www.sec.gov/cgi-bin/browse-edgar?action=getcurrent&owner=exclude&output=atom&count=100&start=0&type=S-1 "HTTP/1.1 200 OK"
2025-07-10 10:12:03,304 - app.services.sec_client - INFO - Found 18 S-1 entries
2025-07-10 10:12:03,306 - app.services.sec_client - INFO - Total entries to process: 150
2025-07-10 10:12:03,306 - app.services.sec_client - INFO - Sample entries after filtering:
2025-07-10 10:12:03,306 - app.services.sec_client - INFO - Entry 1: 10-K - METHODE ELECTRONICS INC (0000065270) (Filer)
2025-07-10 10:12:03,306 - app.services.sec_client - INFO - Entry 2: 10-KT/A - Nukkleus Inc. (0001787518) (Filer)
2025-07-10 10:12:03,306 - app.services.sec_client - INFO - Entry 3: 10-K - AIS Holdings Group, Inc. (0001702015) (Filer)
2025-07-10 10:12:03,314 - app.services.sec_client - INFO - Successfully parsed 7 filings from RSS feed
2025-07-10 10:12:03,314 - app.services.sec_client - INFO - Filing breakdown: {'8-K': 6, 'S-1': 1}
2025-07-10 10:12:03,315 - app.services.edgar_scanner - INFO - Found 0 relevant filings out of 7 total
2025-07-10 10:13:03,319 - app.services.scheduler - INFO - Starting scheduled scan #4 at 2025-07-10 10:13:03
2025-07-10 10:13:03,319 - app.services.edgar_scanner - INFO - Starting EDGAR RSS scan...
2025-07-10 10:13:03,319 - app.services.edgar_scanner - INFO - DEBUG: Monitoring 502 companies (S&P 500 + NASDAQ 100)
2025-07-10 10:13:03,320 - app.services.sec_client - INFO - Fetching RSS feed for all filings...
2025-07-10 10:13:03,320 - app.services.sec_client - INFO - Fetching 10-K filings from: https://www.sec.gov/cgi-bin/browse-edgar?action=getcurrent&owner=exclude&output=atom&count=100&start=0&type=10-K
2025-07-10 10:13:03,609 - httpx - INFO - HTTP Request: GET https://www.sec.gov/cgi-bin/browse-edgar?action=getcurrent&owner=exclude&output=atom&count=100&start=0&type=10-K "HTTP/1.1 200 OK"
2025-07-10 10:13:03,623 - app.services.sec_client - INFO - Found 8 10-K entries
2025-07-10 10:13:03,624 - app.services.sec_client - INFO - Fetching 10-Q filings from: https://www.sec.gov/cgi-bin/browse-edgar?action=getcurrent&owner=exclude&output=atom&count=100&start=0&type=10-Q
2025-07-10 10:13:03,848 - httpx - INFO - HTTP Request: GET https://www.sec.gov/cgi-bin/browse-edgar?action=getcurrent&owner=exclude&output=atom&count=100&start=0&type=10-Q "HTTP/1.1 200 OK"
2025-07-10 10:13:03,871 - app.services.sec_client - INFO - Found 24 10-Q entries
2025-07-10 10:13:03,871 - app.services.sec_client - INFO - Fetching 8-K filings from: https://www.sec.gov/cgi-bin/browse-edgar?action=getcurrent&owner=exclude&output=atom&count=100&start=0&type=8-K
2025-07-10 10:13:04,000 - httpx - INFO - HTTP Request: GET https://www.sec.gov/cgi-bin/browse-edgar?action=getcurrent&owner=exclude&output=atom&count=100&start=0&type=8-K "HTTP/1.1 200 OK"
2025-07-10 10:13:04,043 - app.services.sec_client - INFO - Found 100 8-K entries
2025-07-10 10:13:04,043 - app.services.sec_client - INFO - Fetching S-1 filings from: https://www.sec.gov/cgi-bin/browse-edgar?action=getcurrent&owner=exclude&output=atom&count=100&start=0&type=S-1
2025-07-10 10:13:04,253 - httpx - INFO - HTTP Request: GET https://www.sec.gov/cgi-bin/browse-edgar?action=getcurrent&owner=exclude&output=atom&count=100&start=0&type=S-1 "HTTP/1.1 200 OK"
2025-07-10 10:13:04,266 - app.services.sec_client - INFO - Found 18 S-1 entries
2025-07-10 10:13:04,267 - app.services.sec_client - INFO - Total entries to process: 150
2025-07-10 10:13:04,267 - app.services.sec_client - INFO - Sample entries after filtering:
2025-07-10 10:13:04,267 - app.services.sec_client - INFO - Entry 1: 10-K - METHODE ELECTRONICS INC (0000065270) (Filer)
2025-07-10 10:13:04,267 - app.services.sec_client - INFO - Entry 2: 10-KT/A - Nukkleus Inc. (0001787518) (Filer)
2025-07-10 10:13:04,267 - app.services.sec_client - INFO - Entry 3: 10-K - AIS Holdings Group, Inc. (0001702015) (Filer)
2025-07-10 10:13:04,276 - app.services.sec_client - INFO - Successfully parsed 7 filings from RSS feed
2025-07-10 10:13:04,276 - app.services.sec_client - INFO - Filing breakdown: {'8-K': 6, 'S-1': 1}
2025-07-10 10:13:04,276 - app.services.edgar_scanner - INFO - Found 0 relevant filings out of 7 total
